<?xml version="1.0" encoding="UTF-8"?>
<!-- Generated by org.testng.reporters.JUnitReportReporter -->
<testsuite hostname="DESKTOP-N7H09Q2" failures="0" tests="2" name="cucumberOptions.TestRunner_Testing" time="26.702" errors="0" timestamp="2023-07-25T00:20:15 GMT-07:00" skipped="0">
  <testcase classname="cucumberOptions.TestRunner_Testing" name="runScenario" time="13.664"/>
  <system-out/>
  <testcase classname="cucumberOptions.TestRunner_Testing" name="runScenario" time="13.038"/>
  <system-out/>
</testsuite> <!-- cucumberOptions.TestRunner_Testing -->
